# JRE version: Java(TM) SE Runtime Environment (8.0_05-b13) (build 1.8.0_05-b13)
# Java VM: Java HotSpot(TM) 64-Bit Server VM (25.5-b02 mixed mode windows-amd64 compressed oops)
Heap:
 PSYoungGen      total 59392K, used 41748K [0x00000000d5780000, 0x00000000d9b00000, 0x0000000100000000)
  eden space 52736K, 68% used [0x00000000d5780000,0x00000000d7b03740,0x00000000d8b00000)
  from space 6656K, 80% used [0x00000000d9280000,0x00000000d97c1ab8,0x00000000d9900000)
  to   space 7680K, 0% used [0x00000000d8b00000,0x00000000d8b00000,0x00000000d9280000)
 ParOldGen       total 14336K, used 10171K [0x0000000080600000, 0x0000000081400000, 0x00000000d5780000)
  object space 14336K, 70% used [0x0000000080600000,0x0000000080feed50,0x0000000081400000)
 Metaspace       used 34222K, capacity 35432K, committed 35584K, reserved 1079296K
  class space    used 4847K, capacity 5077K, committed 5120K, reserved 1048576K
GC Heap History (10 events):
Event: 2.026 GC heap before
{Heap before GC invocations=22 (full 1):
 PSYoungGen      total 46592K, used 46331K [0x00000000d5780000, 0x00000000d8a80000, 0x0000000100000000)
  eden space 42496K, 100% used [0x00000000d5780000,0x00000000d8100000,0x00000000d8100000)
  from space 4096K, 93% used [0x00000000d8580000,0x00000000d893ef28,0x00000000d8980000)
  to   space 4608K, 0% used [0x00000000d8100000,0x00000000d8100000,0x00000000d8580000)
 ParOldGen       total 10240K, used 7563K [0x0000000080600000, 0x0000000081000000, 0x00000000d5780000)
  object space 10240K, 73% used [0x0000000080600000,0x0000000080d62cb8,0x0000000081000000)
 Metaspace       used 26151K, capacity 26952K, committed 27264K, reserved 1073152K
  class space    used 3442K, capacity 3609K, committed 3712K, reserved 1048576K
Event: 2.031 GC heap after
Heap after GC invocations=22 (full 1):
 PSYoungGen      total 47104K, used 4578K [0x00000000d5780000, 0x00000000d9380000, 0x0000000100000000)
  eden space 42496K, 0% used [0x00000000d5780000,0x00000000d5780000,0x00000000d8100000)
  from space 4608K, 99% used [0x00000000d8100000,0x00000000d8578810,0x00000000d8580000)
  to   space 5632K, 0% used [0x00000000d8e00000,0x00000000d8e00000,0x00000000d9380000)
 ParOldGen       total 10240K, used 8917K [0x0000000080600000, 0x0000000081000000, 0x00000000d5780000)
  object space 10240K, 87% used [0x0000000080600000,0x0000000080eb55e0,0x0000000081000000)
 Metaspace       used 26151K, capacity 26952K, committed 27264K, reserved 1073152K
  class space    used 3442K, capacity 3609K, committed 3712K, reserved 1048576K
}
Event: 2.032 GC heap before
{Heap before GC invocations=23 (full 2):
 PSYoungGen      total 47104K, used 4578K [0x00000000d5780000, 0x00000000d9380000, 0x0000000100000000)
  eden space 42496K, 0% used [0x00000000d5780000,0x00000000d5780000,0x00000000d8100000)
  from space 4608K, 99% used [0x00000000d8100000,0x00000000d8578810,0x00000000d8580000)
  to   space 5632K, 0% used [0x00000000d8e00000,0x00000000d8e00000,0x00000000d9380000)
 ParOldGen       total 10240K, used 8917K [0x0000000080600000, 0x0000000081000000, 0x00000000d5780000)
  object space 10240K, 87% used [0x0000000080600000,0x0000000080eb55e0,0x0000000081000000)
 Metaspace       used 26151K, capacity 26952K, committed 27264K, reserved 1073152K
  class space    used 3442K, capacity 3609K, committed 3712K, reserved 1048576K
Event: 2.064 GC heap after
Heap after GC invocations=23 (full 2):
 PSYoungGen      total 47104K, used 0K [0x00000000d5780000, 0x00000000d9380000, 0x0000000100000000)
  eden space 42496K, 0% used [0x00000000d5780000,0x00000000d5780000,0x00000000d8100000)
  from space 4608K, 0% used [0x00000000d8100000,0x00000000d8100000,0x00000000d8580000)
  to   space 5632K, 0% used [0x00000000d8e00000,0x00000000d8e00000,0x00000000d9380000)
 ParOldGen       total 14336K, used 10147K [0x0000000080600000, 0x0000000081400000, 0x00000000d5780000)
  object space 14336K, 70% used [0x0000000080600000,0x0000000080fe8d50,0x0000000081400000)
 Metaspace       used 26151K, capacity 26952K, committed 27264K, reserved 1073152K
  class space    used 3442K, capacity 3609K, committed 3712K, reserved 1048576K
}
Event: 2.621 GC heap before
{Heap before GC invocations=24 (full 2):
 PSYoungGen      total 47104K, used 42496K [0x00000000d5780000, 0x00000000d9380000, 0x0000000100000000)
  eden space 42496K, 100% used [0x00000000d5780000,0x00000000d8100000,0x00000000d8100000)
  from space 4608K, 0% used [0x00000000d8100000,0x00000000d8100000,0x00000000d8580000)
  to   space 5632K, 0% used [0x00000000d8e00000,0x00000000d8e00000,0x00000000d9380000)
 ParOldGen       total 14336K, used 10147K [0x0000000080600000, 0x0000000081400000, 0x00000000d5780000)
  object space 14336K, 70% used [0x0000000080600000,0x0000000080fe8d50,0x0000000081400000)
 Metaspace       used 28778K, capacity 29754K, committed 29952K, reserved 1075200K
  class space    used 3815K, capacity 4022K, committed 4096K, reserved 1048576K
Event: 2.625 GC heap after
Heap after GC invocations=24 (full 2):
 PSYoungGen      total 52736K, used 3673K [0x00000000d5780000, 0x00000000d9280000, 0x0000000100000000)
  eden space 48128K, 0% used [0x00000000d5780000,0x00000000d5780000,0x00000000d8680000)
  from space 4608K, 79% used [0x00000000d8e00000,0x00000000d9196500,0x00000000d9280000)
  to   space 6144K, 0% used [0x00000000d8680000,0x00000000d8680000,0x00000000d8c80000)
 ParOldGen       total 14336K, used 10155K [0x0000000080600000, 0x0000000081400000, 0x00000000d5780000)
  object space 14336K, 70% used [0x0000000080600000,0x0000000080fead50,0x0000000081400000)
 Metaspace       used 28778K, capacity 29754K, committed 29952K, reserved 1075200K
  class space    used 3815K, capacity 4022K, committed 4096K, reserved 1048576K
}
Event: 3.811 GC heap before
{Heap before GC invocations=25 (full 2):
 PSYoungGen      total 52736K, used 51801K [0x00000000d5780000, 0x00000000d9280000, 0x0000000100000000)
  eden space 48128K, 100% used [0x00000000d5780000,0x00000000d8680000,0x00000000d8680000)
  from space 4608K, 79% used [0x00000000d8e00000,0x00000000d9196500,0x00000000d9280000)
  to   space 6144K, 0% used [0x00000000d8680000,0x00000000d8680000,0x00000000d8c80000)
 ParOldGen       total 14336K, used 10155K [0x0000000080600000, 0x0000000081400000, 0x00000000d5780000)
  object space 14336K, 70% used [0x0000000080600000,0x0000000080fead50,0x0000000081400000)
 Metaspace       used 32091K, capacity 33118K, committed 33408K, reserved 1077248K
  class space    used 4454K, capacity 4672K, committed 4736K, reserved 1048576K
Event: 3.816 GC heap after
Heap after GC invocations=25 (full 2):
 PSYoungGen      total 54272K, used 5421K [0x00000000d5780000, 0x00000000d9900000, 0x0000000100000000)
  eden space 48128K, 0% used [0x00000000d5780000,0x00000000d5780000,0x00000000d8680000)
  from space 6144K, 88% used [0x00000000d8680000,0x00000000d8bcb768,0x00000000d8c80000)
  to   space 6656K, 0% used [0x00000000d9280000,0x00000000d9280000,0x00000000d9900000)
 ParOldGen       total 14336K, used 10163K [0x0000000080600000, 0x0000000081400000, 0x00000000d5780000)
  object space 14336K, 70% used [0x0000000080600000,0x0000000080fecd50,0x0000000081400000)
 Metaspace       used 32091K, capacity 33118K, committed 33408K, reserved 1077248K
  class space    used 4454K, capacity 4672K, committed 4736K, reserved 1048576K
}
Event: 4.497 GC heap before
{Heap before GC invocations=26 (full 2):
 PSYoungGen      total 54272K, used 53549K [0x00000000d5780000, 0x00000000d9900000, 0x0000000100000000)
  eden space 48128K, 100% used [0x00000000d5780000,0x00000000d8680000,0x00000000d8680000)
  from space 6144K, 88% used [0x00000000d8680000,0x00000000d8bcb768,0x00000000d8c80000)
  to   space 6656K, 0% used [0x00000000d9280000,0x00000000d9280000,0x00000000d9900000)
 ParOldGen       total 14336K, used 10163K [0x0000000080600000, 0x0000000081400000, 0x00000000d5780000)
  object space 14336K, 70% used [0x0000000080600000,0x0000000080fecd50,0x0000000081400000)
 Metaspace       used 34150K, capacity 35332K, committed 35584K, reserved 1079296K
  class space    used 4842K, capacity 5069K, committed 5120K, reserved 1048576K
Event: 4.509 GC heap after
Heap after GC invocations=26 (full 2):
 PSYoungGen      total 59392K, used 5382K [0x00000000d5780000, 0x00000000d9b00000, 0x0000000100000000)
  eden space 52736K, 0% used [0x00000000d5780000,0x00000000d5780000,0x00000000d8b00000)
  from space 6656K, 80% used [0x00000000d9280000,0x00000000d97c1ab8,0x00000000d9900000)
  to   space 7680K, 0% used [0x00000000d8b00000,0x00000000d8b00000,0x00000000d9280000)
 ParOldGen       total 14336K, used 10171K [0x0000000080600000, 0x0000000081400000, 0x00000000d5780000)
  object space 14336K, 70% used [0x0000000080600000,0x0000000080feed50,0x0000000081400000)
 Metaspace       used 34150K, capacity 35332K, committed 35584K, reserved 1079296K
  class space    used 4842K, capacity 5069K, committed 5120K, reserved 1048576K
}

